2025-08-17 12:08:43.222 [ionShutdownHook] INFO  o.s.b.w.e.tomcat.GracefulShutdown        [traceId:] [user:N/A, roles:N/A] : Commencing graceful shutdown. Waiting for active requests to complete
2025-08-17 12:08:43.250 [tomcat-shutdown] INFO  o.s.b.w.e.tomcat.GracefulShutdown        [traceId:] [user:N/A, roles:N/A] : Graceful shutdown complete
2025-08-17 12:08:56.114 [           main] INFO  c.example.E_Library.ELibraryApplication  [traceId:] [user:N/A, roles:N/A] : Starting ELibraryApplication using Java 21.0.1 with PID 23124 (C:\Users\jessica\Downloads\logger\E-Books-Project\E-Library\target\classes started by jessica in C:\Users\jessica\Downloads\logger\E-Books-Project\E-Library)
2025-08-17 12:08:56.117 [           main] DEBUG c.example.E_Library.ELibraryApplication  [traceId:] [user:N/A, roles:N/A] : Running with Spring Boot v3.5.4, Spring v6.2.9
2025-08-17 12:08:56.120 [           main] INFO  c.example.E_Library.ELibraryApplication  [traceId:] [user:N/A, roles:N/A] : No active profile set, falling back to 1 default profile: "default"
2025-08-17 12:08:58.339 [           main] INFO  o.s.b.w.embedded.tomcat.TomcatWebServer  [traceId:] [user:N/A, roles:N/A] : Tomcat initialized with port 8080 (http)
2025-08-17 12:08:58.367 [           main] INFO  o.apache.catalina.core.StandardService   [traceId:] [user:N/A, roles:N/A] : Starting service [Tomcat]
2025-08-17 12:08:58.368 [           main] INFO  o.apache.catalina.core.StandardEngine    [traceId:] [user:N/A, roles:N/A] : Starting Servlet engine: [Apache Tomcat/10.1.43]
2025-08-17 12:08:58.476 [           main] INFO  o.a.c.c.C.[Tomcat].[localhost].[/]       [traceId:] [user:N/A, roles:N/A] : Initializing Spring embedded WebApplicationContext
2025-08-17 12:08:58.477 [           main] INFO  w.s.c.ServletWebServerApplicationContext [traceId:] [user:N/A, roles:N/A] : Root WebApplicationContext: initialization completed in 2279 ms
2025-08-17 12:08:58.889 [           main] DEBUG c.e.E.configuration.TraceIdFilter        [traceId:] [user:N/A, roles:N/A] : Filter 'traceIdFilter' configured for use
2025-08-17 12:08:58.890 [           main] DEBUG c.e.E_Library.configuration.MdcFilter    [traceId:] [user:N/A, roles:N/A] : Filter 'mdcFilter' configured for use
2025-08-17 12:08:58.890 [           main] DEBUG c.e.E.configuration.JwtRequestFilter     [traceId:] [user:N/A, roles:N/A] : Filter 'jwtRequestFilter' configured for use
2025-08-17 12:08:59.071 [           main] INFO  eAuthenticationProviderManagerConfigurer [traceId:] [user:N/A, roles:N/A] : Global AuthenticationManager configured with AuthenticationProvider bean with name authenticationProvider
2025-08-17 12:08:59.072 [           main] WARN  r$InitializeUserDetailsManagerConfigurer [traceId:] [user:N/A, roles:N/A] : Global AuthenticationManager configured with an AuthenticationProvider bean. UserDetailsService beans will not be used by Spring Security for automatically configuring username/password login. Consider removing the AuthenticationProvider bean. Alternatively, consider using the UserDetailsService in a manually instantiated DaoAuthenticationProvider. If the current configuration is intentional, to turn off this warning, increase the logging level of 'org.springframework.security.config.annotation.authentication.configuration.InitializeUserDetailsBeanManagerConfigurer' to ERROR
2025-08-17 12:08:59.598 [           main] INFO  o.s.b.a.e.web.EndpointLinksResolver      [traceId:] [user:N/A, roles:N/A] : Exposing 1 endpoint beneath base path '/actuator'
2025-08-17 12:08:59.760 [           main] WARN  thorizationManagerRequestMatcherRegistry [traceId:] [user:N/A, roles:N/A] : One of the patterns in [Allow] is missing a leading slash. This is discouraged; please include the leading slash in all your request matcher patterns. In future versions of Spring Security, leaving out the leading slash will result in an exception.
2025-08-17 12:09:00.261 [           main] INFO  o.s.b.w.embedded.tomcat.TomcatWebServer  [traceId:] [user:N/A, roles:N/A] : Tomcat started on port 8080 (http) with context path '/'
2025-08-17 12:09:00.283 [           main] INFO  c.example.E_Library.ELibraryApplication  [traceId:] [user:N/A, roles:N/A] : Started ELibraryApplication in 5.358 seconds (process running for 6.064)
2025-08-17 12:09:00.406 [           main] INFO  c.example.E_Library.ELibraryApplication  [traceId:] [user:N/A, roles:N/A] : ELibrary Application has started successfully. Log file should be generated.
2025-08-17 12:09:19.170 [nio-8080-exec-1] INFO  o.a.c.c.C.[Tomcat].[localhost].[/]       [traceId:] [user:N/A, roles:N/A] : Initializing Spring DispatcherServlet 'dispatcherServlet'
2025-08-17 12:09:19.170 [nio-8080-exec-1] INFO  o.s.web.servlet.DispatcherServlet        [traceId:] [user:N/A, roles:N/A] : Initializing Servlet 'dispatcherServlet'
2025-08-17 12:09:19.172 [nio-8080-exec-1] INFO  o.s.web.servlet.DispatcherServlet        [traceId:] [user:N/A, roles:N/A] : Completed initialization in 1 ms
2025-08-17 12:14:04.420 [ionShutdownHook] INFO  o.s.b.w.e.tomcat.GracefulShutdown        [traceId:] [user:N/A, roles:N/A] : Commencing graceful shutdown. Waiting for active requests to complete
2025-08-17 12:14:04.487 [tomcat-shutdown] INFO  o.s.b.w.e.tomcat.GracefulShutdown        [traceId:] [user:N/A, roles:N/A] : Graceful shutdown complete
-------------------------------------------------------------------------------------------------------------------------------------------------------------------------------------------------------------------------------------------------------------------------------------------------------------------------------------------------------------------------------------
2025-08-17 12:14:43.216 [           main] INFO  c.example.E_Library.ELibraryApplication  [traceId:] [user:N/A, roles:N/A] : Starting ELibraryApplication using Java 21.0.1 with PID 9928 (C:\Users\jessica\Downloads\logger\E-Books-Project\E-Library\target\classes started by jessica in C:\Users\jessica\Downloads\logger\E-Books-Project\E-Library)
2025-08-17 12:14:43.218 [           main] DEBUG c.example.E_Library.ELibraryApplication  [traceId:] [user:N/A, roles:N/A] : Running with Spring Boot v3.5.4, Spring v6.2.9
2025-08-17 12:14:43.219 [           main] INFO  c.example.E_Library.ELibraryApplication  [traceId:] [user:N/A, roles:N/A] : No active profile set, falling back to 1 default profile: "default"
2025-08-17 12:14:44.881 [           main] INFO  o.s.b.w.embedded.tomcat.TomcatWebServer  [traceId:] [user:N/A, roles:N/A] : Tomcat initialized with port 8080 (http)
2025-08-17 12:14:44.898 [           main] INFO  o.apache.catalina.core.StandardService   [traceId:] [user:N/A, roles:N/A] : Starting service [Tomcat]
2025-08-17 12:14:44.898 [           main] INFO  o.apache.catalina.core.StandardEngine    [traceId:] [user:N/A, roles:N/A] : Starting Servlet engine: [Apache Tomcat/10.1.43]
2025-08-17 12:14:44.990 [           main] INFO  o.a.c.c.C.[Tomcat].[localhost].[/]       [traceId:] [user:N/A, roles:N/A] : Initializing Spring embedded WebApplicationContext
2025-08-17 12:14:44.990 [           main] INFO  w.s.c.ServletWebServerApplicationContext [traceId:] [user:N/A, roles:N/A] : Root WebApplicationContext: initialization completed in 1725 ms
2025-08-17 12:14:45.392 [           main] DEBUG c.e.E.configuration.TraceIdFilter        [traceId:] [user:N/A, roles:N/A] : Filter 'traceIdFilterRegistration' configured for use
2025-08-17 12:14:45.392 [           main] DEBUG c.e.E_Library.configuration.MdcFilter    [traceId:] [user:N/A, roles:N/A] : Filter 'mdcFilter' configured for use
2025-08-17 12:14:45.393 [           main] DEBUG c.e.E.configuration.JwtRequestFilter     [traceId:] [user:N/A, roles:N/A] : Filter 'jwtRequestFilter' configured for use
2025-08-17 12:14:45.585 [           main] INFO  eAuthenticationProviderManagerConfigurer [traceId:] [user:N/A, roles:N/A] : Global AuthenticationManager configured with AuthenticationProvider bean with name authenticationProvider
2025-08-17 12:14:45.586 [           main] WARN  r$InitializeUserDetailsManagerConfigurer [traceId:] [user:N/A, roles:N/A] : Global AuthenticationManager configured with an AuthenticationProvider bean. UserDetailsService beans will not be used by Spring Security for automatically configuring username/password login. Consider removing the AuthenticationProvider bean. Alternatively, consider using the UserDetailsService in a manually instantiated DaoAuthenticationProvider. If the current configuration is intentional, to turn off this warning, increase the logging level of 'org.springframework.security.config.annotation.authentication.configuration.InitializeUserDetailsBeanManagerConfigurer' to ERROR
2025-08-17 12:14:46.079 [           main] INFO  o.s.b.a.e.web.EndpointLinksResolver      [traceId:] [user:N/A, roles:N/A] : Exposing 1 endpoint beneath base path '/actuator'
2025-08-17 12:14:46.228 [           main] WARN  thorizationManagerRequestMatcherRegistry [traceId:] [user:N/A, roles:N/A] : One of the patterns in [Allow] is missing a leading slash. This is discouraged; please include the leading slash in all your request matcher patterns. In future versions of Spring Security, leaving out the leading slash will result in an exception.
2025-08-17 12:14:46.746 [           main] INFO  o.s.b.w.embedded.tomcat.TomcatWebServer  [traceId:] [user:N/A, roles:N/A] : Tomcat started on port 8080 (http) with context path '/'
2025-08-17 12:14:46.767 [           main] INFO  c.example.E_Library.ELibraryApplication  [traceId:] [user:N/A, roles:N/A] : Started ELibraryApplication in 4.209 seconds (process running for 4.518)
2025-08-17 12:14:46.895 [           main] INFO  c.example.E_Library.ELibraryApplication  [traceId:] [user:N/A, roles:N/A] : ELibrary Application has started successfully. Log file should be generated.
2025-08-17 12:15:08.127 [nio-8080-exec-1] INFO  o.a.c.c.C.[Tomcat].[localhost].[/]       [traceId:] [user:N/A, roles:N/A] : Initializing Spring DispatcherServlet 'dispatcherServlet'
2025-08-17 12:15:08.128 [nio-8080-exec-1] INFO  o.s.web.servlet.DispatcherServlet        [traceId:] [user:N/A, roles:N/A] : Initializing Servlet 'dispatcherServlet'
2025-08-17 12:15:08.131 [nio-8080-exec-1] INFO  o.s.web.servlet.DispatcherServlet        [traceId:] [user:N/A, roles:N/A] : Completed initialization in 1 ms
2025-08-17 12:23:42.728 [ionShutdownHook] INFO  o.s.b.w.e.tomcat.GracefulShutdown        [traceId:] [user:N/A, roles:N/A] : Commencing graceful shutdown. Waiting for active requests to complete
2025-08-17 12:23:42.889 [tomcat-shutdown] INFO  o.s.b.w.e.tomcat.GracefulShutdown        [traceId:] [user:N/A, roles:N/A] : Graceful shutdown complete
2025-08-17 12:24:01.242 [           main] INFO  c.example.E_Library.ELibraryApplication  [traceId:] [user:N/A, roles:N/A] : Starting ELibraryApplication using Java 21.0.1 with PID 12224 (C:\Users\jessica\Downloads\logger\E-Books-Project\E-Library\target\classes started by jessica in C:\Users\jessica\Downloads\logger\E-Books-Project\E-Library)
2025-08-17 12:24:01.251 [           main] DEBUG c.example.E_Library.ELibraryApplication  [traceId:] [user:N/A, roles:N/A] : Running with Spring Boot v3.5.4, Spring v6.2.9
2025-08-17 12:24:01.254 [           main] INFO  c.example.E_Library.ELibraryApplication  [traceId:] [user:N/A, roles:N/A] : No active profile set, falling back to 1 default profile: "default"
2025-08-17 12:24:04.229 [           main] INFO  o.s.b.w.embedded.tomcat.TomcatWebServer  [traceId:] [user:N/A, roles:N/A] : Tomcat initialized with port 8080 (http)
2025-08-17 12:24:04.266 [           main] INFO  o.apache.catalina.core.StandardService   [traceId:] [user:N/A, roles:N/A] : Starting service [Tomcat]
2025-08-17 12:24:04.266 [           main] INFO  o.apache.catalina.core.StandardEngine    [traceId:] [user:N/A, roles:N/A] : Starting Servlet engine: [Apache Tomcat/10.1.43]
2025-08-17 12:24:04.395 [           main] INFO  o.a.c.c.C.[Tomcat].[localhost].[/]       [traceId:] [user:N/A, roles:N/A] : Initializing Spring embedded WebApplicationContext
2025-08-17 12:24:04.395 [           main] INFO  w.s.c.ServletWebServerApplicationContext [traceId:] [user:N/A, roles:N/A] : Root WebApplicationContext: initialization completed in 3044 ms
2025-08-17 12:24:04.941 [           main] DEBUG c.e.E.configuration.TraceIdFilter        [traceId:] [user:N/A, roles:N/A] : Filter 'traceIdFilterRegistration' configured for use
2025-08-17 12:24:04.946 [           main] DEBUG c.e.E_Library.configuration.MdcFilter    [traceId:] [user:N/A, roles:N/A] : Filter 'mdcFilter' configured for use
2025-08-17 12:24:04.946 [           main] DEBUG c.e.E.configuration.JwtRequestFilter     [traceId:] [user:N/A, roles:N/A] : Filter 'jwtRequestFilter' configured for use
2025-08-17 12:24:05.165 [           main] INFO  eAuthenticationProviderManagerConfigurer [traceId:] [user:N/A, roles:N/A] : Global AuthenticationManager configured with AuthenticationProvider bean with name authenticationProvider
2025-08-17 12:24:05.166 [           main] WARN  r$InitializeUserDetailsManagerConfigurer [traceId:] [user:N/A, roles:N/A] : Global AuthenticationManager configured with an AuthenticationProvider bean. UserDetailsService beans will not be used by Spring Security for automatically configuring username/password login. Consider removing the AuthenticationProvider bean. Alternatively, consider using the UserDetailsService in a manually instantiated DaoAuthenticationProvider. If the current configuration is intentional, to turn off this warning, increase the logging level of 'org.springframework.security.config.annotation.authentication.configuration.InitializeUserDetailsBeanManagerConfigurer' to ERROR
2025-08-17 12:24:05.781 [           main] INFO  o.s.b.a.e.web.EndpointLinksResolver      [traceId:] [user:N/A, roles:N/A] : Exposing 1 endpoint beneath base path '/actuator'
2025-08-17 12:24:05.974 [           main] WARN  thorizationManagerRequestMatcherRegistry [traceId:] [user:N/A, roles:N/A] : One of the patterns in [Allow] is missing a leading slash. This is discouraged; please include the leading slash in all your request matcher patterns. In future versions of Spring Security, leaving out the leading slash will result in an exception.
2025-08-17 12:24:06.632 [           main] INFO  o.s.b.w.embedded.tomcat.TomcatWebServer  [traceId:] [user:N/A, roles:N/A] : Tomcat started on port 8080 (http) with context path '/'
2025-08-17 12:24:06.659 [           main] INFO  c.example.E_Library.ELibraryApplication  [traceId:] [user:N/A, roles:N/A] : Started ELibraryApplication in 7.281 seconds (process running for 8.56)
2025-08-17 12:24:06.823 [           main] INFO  c.example.E_Library.ELibraryApplication  [traceId:] [user:N/A, roles:N/A] : ELibrary Application has started successfully. Log file should be generated.
2025-08-17 12:31:52.177 [ionShutdownHook] INFO  o.s.b.w.e.tomcat.GracefulShutdown        [traceId:] [user:N/A, roles:N/A] : Commencing graceful shutdown. Waiting for active requests to complete
2025-08-17 12:31:52.321 [tomcat-shutdown] INFO  o.s.b.w.e.tomcat.GracefulShutdown        [traceId:] [user:N/A, roles:N/A] : Graceful shutdown complete
2025-08-17 12:34:26.081 [           main] INFO  c.example.E_Library.ELibraryApplication  [traceId:] [user:N/A, roles:N/A] : Starting ELibraryApplication using Java 21.0.1 with PID 15600 (C:\Users\jessica\Downloads\logger\E-Books-Project\E-Library\target\classes started by jessica in C:\Users\jessica\Downloads\logger\E-Books-Project\E-Library)
2025-08-17 12:34:26.083 [           main] DEBUG c.example.E_Library.ELibraryApplication  [traceId:] [user:N/A, roles:N/A] : Running with Spring Boot v3.5.4, Spring v6.2.9
2025-08-17 12:34:26.084 [           main] INFO  c.example.E_Library.ELibraryApplication  [traceId:] [user:N/A, roles:N/A] : No active profile set, falling back to 1 default profile: "default"
2025-08-17 12:34:27.628 [           main] INFO  o.s.b.w.embedded.tomcat.TomcatWebServer  [traceId:] [user:N/A, roles:N/A] : Tomcat initialized with port 8080 (http)
2025-08-17 12:34:27.649 [           main] INFO  o.apache.catalina.core.StandardService   [traceId:] [user:N/A, roles:N/A] : Starting service [Tomcat]
2025-08-17 12:34:27.649 [           main] INFO  o.apache.catalina.core.StandardEngine    [traceId:] [user:N/A, roles:N/A] : Starting Servlet engine: [Apache Tomcat/10.1.43]
2025-08-17 12:34:27.726 [           main] INFO  o.a.c.c.C.[Tomcat].[localhost].[/]       [traceId:] [user:N/A, roles:N/A] : Initializing Spring embedded WebApplicationContext
2025-08-17 12:34:27.726 [           main] INFO  w.s.c.ServletWebServerApplicationContext [traceId:] [user:N/A, roles:N/A] : Root WebApplicationContext: initialization completed in 1586 ms
2025-08-17 12:34:28.041 [           main] DEBUG c.e.E.configuration.TraceIdFilter        [traceId:] [user:N/A, roles:N/A] : Filter 'traceIdFilterRegistration' configured for use
2025-08-17 12:34:28.041 [           main] DEBUG c.e.E_Library.configuration.MdcFilter    [traceId:] [user:N/A, roles:N/A] : Filter 'mdcFilter' configured for use
2025-08-17 12:34:28.042 [           main] DEBUG c.e.E.configuration.JwtRequestFilter     [traceId:] [user:N/A, roles:N/A] : Filter 'jwtRequestFilter' configured for use
2025-08-17 12:34:28.154 [           main] INFO  eAuthenticationProviderManagerConfigurer [traceId:] [user:N/A, roles:N/A] : Global AuthenticationManager configured with AuthenticationProvider bean with name authenticationProvider
2025-08-17 12:34:28.155 [           main] WARN  r$InitializeUserDetailsManagerConfigurer [traceId:] [user:N/A, roles:N/A] : Global AuthenticationManager configured with an AuthenticationProvider bean. UserDetailsService beans will not be used by Spring Security for automatically configuring username/password login. Consider removing the AuthenticationProvider bean. Alternatively, consider using the UserDetailsService in a manually instantiated DaoAuthenticationProvider. If the current configuration is intentional, to turn off this warning, increase the logging level of 'org.springframework.security.config.annotation.authentication.configuration.InitializeUserDetailsBeanManagerConfigurer' to ERROR
2025-08-17 12:34:28.507 [           main] INFO  o.s.b.a.e.web.EndpointLinksResolver      [traceId:] [user:N/A, roles:N/A] : Exposing 1 endpoint beneath base path '/actuator'
2025-08-17 12:34:28.630 [           main] WARN  thorizationManagerRequestMatcherRegistry [traceId:] [user:N/A, roles:N/A] : One of the patterns in [Allow] is missing a leading slash. This is discouraged; please include the leading slash in all your request matcher patterns. In future versions of Spring Security, leaving out the leading slash will result in an exception.
2025-08-17 12:34:29.015 [           main] INFO  o.s.b.w.embedded.tomcat.TomcatWebServer  [traceId:] [user:N/A, roles:N/A] : Tomcat started on port 8080 (http) with context path '/'
2025-08-17 12:34:29.030 [           main] INFO  c.example.E_Library.ELibraryApplication  [traceId:] [user:N/A, roles:N/A] : Started ELibraryApplication in 3.669 seconds (process running for 4.092)
2025-08-17 12:34:29.131 [           main] INFO  c.example.E_Library.ELibraryApplication  [traceId:] [user:N/A, roles:N/A] : ELibrary Application has started successfully. Log file should be generated.
----------------------------------------------------------------------------------------------------------------------------------------------------------------------------------------------------------------------------------------
2025-08-17 12:34:54.664 [ionShutdownHook] INFO  o.s.b.w.e.tomcat.GracefulShutdown        [traceId:] [user:N/A, roles:N/A] : Commencing graceful shutdown. Waiting for active requests to complete
2025-08-17 12:34:54.676 [tomcat-shutdown] INFO  o.s.b.w.e.tomcat.GracefulShutdown        [traceId:] [user:N/A, roles:N/A] : Graceful shutdown complete
---------------------------------
2025-08-17 12:35:09.394 [           main] INFO  c.example.E_Library.ELibraryApplication  [traceId:] [user:N/A, roles:N/A] : Starting ELibraryApplication using Java 21.0.1 with PID 4808 (C:\Users\jessica\Downloads\logger\E-Books-Project\E-Library\target\classes started by jessica in C:\Users\jessica\Downloads\logger\E-Books-Project\E-Library)
2025-08-17 12:35:09.394 [           main] DEBUG c.example.E_Library.ELibraryApplication  [traceId:] [user:N/A, roles:N/A] : Running with Spring Boot v3.5.4, Spring v6.2.9
2025-08-17 12:35:09.394 [           main] INFO  c.example.E_Library.ELibraryApplication  [traceId:] [user:N/A, roles:N/A] : No active profile set, falling back to 1 default profile: "default"
2025-08-17 12:35:10.863 [           main] INFO  o.s.b.w.embedded.tomcat.TomcatWebServer  [traceId:] [user:N/A, roles:N/A] : Tomcat initialized with port 8080 (http)
2025-08-17 12:35:10.879 [           main] INFO  o.apache.catalina.core.StandardService   [traceId:] [user:N/A, roles:N/A] : Starting service [Tomcat]
2025-08-17 12:35:10.879 [           main] INFO  o.apache.catalina.core.StandardEngine    [traceId:] [user:N/A, roles:N/A] : Starting Servlet engine: [Apache Tomcat/10.1.43]
2025-08-17 12:35:10.939 [           main] INFO  o.a.c.c.C.[Tomcat].[localhost].[/]       [traceId:] [user:N/A, roles:N/A] : Initializing Spring embedded WebApplicationContext
2025-08-17 12:35:10.939 [           main] INFO  w.s.c.ServletWebServerApplicationContext [traceId:] [user:N/A, roles:N/A] : Root WebApplicationContext: initialization completed in 1482 ms
2025-08-17 12:35:11.252 [           main] DEBUG c.e.E.configuration.TraceIdFilter        [traceId:] [user:N/A, roles:N/A] : Filter 'traceIdFilterRegistration' configured for use
2025-08-17 12:35:11.253 [           main] DEBUG c.e.E_Library.configuration.MdcFilter    [traceId:] [user:N/A, roles:N/A] : Filter 'mdcFilter' configured for use
2025-08-17 12:35:11.253 [           main] DEBUG c.e.E.configuration.JwtRequestFilter     [traceId:] [user:N/A, roles:N/A] : Filter 'jwtRequestFilter' configured for use
2025-08-17 12:35:11.366 [           main] INFO  eAuthenticationProviderManagerConfigurer [traceId:] [user:N/A, roles:N/A] : Global AuthenticationManager configured with AuthenticationProvider bean with name authenticationProvider
2025-08-17 12:35:11.368 [           main] WARN  r$InitializeUserDetailsManagerConfigurer [traceId:] [user:N/A, roles:N/A] : Global AuthenticationManager configured with an AuthenticationProvider bean. UserDetailsService beans will not be used by Spring Security for automatically configuring username/password login. Consider removing the AuthenticationProvider bean. Alternatively, consider using the UserDetailsService in a manually instantiated DaoAuthenticationProvider. If the current configuration is intentional, to turn off this warning, increase the logging level of 'org.springframework.security.config.annotation.authentication.configuration.InitializeUserDetailsBeanManagerConfigurer' to ERROR
2025-08-17 12:35:11.722 [           main] INFO  o.s.b.a.e.web.EndpointLinksResolver      [traceId:] [user:N/A, roles:N/A] : Exposing 1 endpoint beneath base path '/actuator'
2025-08-17 12:35:11.814 [           main] WARN  thorizationManagerRequestMatcherRegistry [traceId:] [user:N/A, roles:N/A] : One of the patterns in [Allow] is missing a leading slash. This is discouraged; please include the leading slash in all your request matcher patterns. In future versions of Spring Security, leaving out the leading slash will result in an exception.
2025-08-17 12:35:12.197 [           main] INFO  o.s.b.w.embedded.tomcat.TomcatWebServer  [traceId:] [user:N/A, roles:N/A] : Tomcat started on port 8080 (http) with context path '/'
2025-08-17 12:35:12.213 [           main] INFO  c.example.E_Library.ELibraryApplication  [traceId:] [user:N/A, roles:N/A] : Started ELibraryApplication in 3.542 seconds (process running for 3.972)
2025-08-17 12:35:12.304 [           main] INFO  c.example.E_Library.ELibraryApplication  [traceId:] [user:N/A, roles:N/A] : ELibrary Application has started successfully. Log file should be generated.
2025-08-17 12:40:11.704 [ionShutdownHook] INFO  o.s.b.w.e.tomcat.GracefulShutdown        [traceId:] [user:N/A, roles:N/A] : Commencing graceful shutdown. Waiting for active requests to complete
2025-08-17 12:40:11.747 [tomcat-shutdown] INFO  o.s.b.w.e.tomcat.GracefulShutdown        [traceId:] [user:N/A, roles:N/A] : Graceful shutdown complete
2025-08-17 12:53:22.220 [           main] INFO  c.e.E_Library.ELibraryApplicationTests   [traceId:] [user:N/A, roles:N/A] : Starting ELibraryApplicationTests using Java 21.0.1 with PID 7652 (started by jessica in C:\Users\jessica\Downloads\logger\E-Books-Project\E-Library)
2025-08-17 12:53:22.222 [           main] DEBUG c.e.E_Library.ELibraryApplicationTests   [traceId:] [user:N/A, roles:N/A] : Running with Spring Boot v3.5.4, Spring v6.2.9
2025-08-17 12:53:22.223 [           main] INFO  c.e.E_Library.ELibraryApplicationTests   [traceId:] [user:N/A, roles:N/A] : No active profile set, falling back to 1 default profile: "default"
2025-08-17 12:53:23.893 [           main] INFO  eAuthenticationProviderManagerConfigurer [traceId:] [user:N/A, roles:N/A] : Global AuthenticationManager configured with AuthenticationProvider bean with name authenticationProvider
2025-08-17 12:53:23.893 [           main] WARN  r$InitializeUserDetailsManagerConfigurer [traceId:] [user:N/A, roles:N/A] : Global AuthenticationManager configured with an AuthenticationProvider bean. UserDetailsService beans will not be used by Spring Security for automatically configuring username/password login. Consider removing the AuthenticationProvider bean. Alternatively, consider using the UserDetailsService in a manually instantiated DaoAuthenticationProvider. If the current configuration is intentional, to turn off this warning, increase the logging level of 'org.springframework.security.config.annotation.authentication.configuration.InitializeUserDetailsBeanManagerConfigurer' to ERROR
2025-08-17 12:53:24.286 [           main] INFO  o.s.b.a.e.web.EndpointLinksResolver      [traceId:] [user:N/A, roles:N/A] : Exposing 1 endpoint beneath base path '/actuator'
2025-08-17 12:53:24.373 [           main] WARN  thorizationManagerRequestMatcherRegistry [traceId:] [user:N/A, roles:N/A] : One of the patterns in [Allow] is missing a leading slash. This is discouraged; please include the leading slash in all your request matcher patterns. In future versions of Spring Security, leaving out the leading slash will result in an exception.
2025-08-17 12:53:24.836 [           main] INFO  c.e.E_Library.ELibraryApplicationTests   [traceId:] [user:N/A, roles:N/A] : Started ELibraryApplicationTests in 3.05 seconds (process running for 4.119)
2025-08-17 12:53:37.836 [           main] INFO  c.example.E_Library.ELibraryApplication  [traceId:] [user:N/A, roles:N/A] : Starting ELibraryApplication using Java 21.0.1 with PID 19240 (C:\Users\jessica\Downloads\logger\E-Books-Project\E-Library\target\classes started by jessica in C:\Users\jessica\Downloads\logger\E-Books-Project\E-Library)
2025-08-17 12:53:37.841 [           main] DEBUG c.example.E_Library.ELibraryApplication  [traceId:] [user:N/A, roles:N/A] : Running with Spring Boot v3.5.4, Spring v6.2.9
2025-08-17 12:53:37.841 [           main] INFO  c.example.E_Library.ELibraryApplication  [traceId:] [user:N/A, roles:N/A] : No active profile set, falling back to 1 default profile: "default"
2025-08-17 12:53:38.969 [           main] INFO  o.s.b.w.embedded.tomcat.TomcatWebServer  [traceId:] [user:N/A, roles:N/A] : Tomcat initialized with port 8080 (http)
2025-08-17 12:53:38.981 [           main] INFO  o.apache.catalina.core.StandardService   [traceId:] [user:N/A, roles:N/A] : Starting service [Tomcat]
2025-08-17 12:53:38.981 [           main] INFO  o.apache.catalina.core.StandardEngine    [traceId:] [user:N/A, roles:N/A] : Starting Servlet engine: [Apache Tomcat/10.1.43]
2025-08-17 12:53:39.028 [           main] INFO  o.a.c.c.C.[Tomcat].[localhost].[/]       [traceId:] [user:N/A, roles:N/A] : Initializing Spring embedded WebApplicationContext
2025-08-17 12:53:39.029 [           main] INFO  w.s.c.ServletWebServerApplicationContext [traceId:] [user:N/A, roles:N/A] : Root WebApplicationContext: initialization completed in 1149 ms
2025-08-17 12:53:39.275 [           main] DEBUG c.e.E.configuration.TraceIdFilter        [traceId:] [user:N/A, roles:N/A] : Filter 'traceIdFilterRegistration' configured for use
2025-08-17 12:53:39.276 [           main] DEBUG c.e.E_Library.configuration.MdcFilter    [traceId:] [user:N/A, roles:N/A] : Filter 'mdcFilter' configured for use
2025-08-17 12:53:39.276 [           main] DEBUG c.e.E.configuration.JwtRequestFilter     [traceId:] [user:N/A, roles:N/A] : Filter 'jwtRequestFilter' configured for use
2025-08-17 12:53:39.360 [           main] INFO  eAuthenticationProviderManagerConfigurer [traceId:] [user:N/A, roles:N/A] : Global AuthenticationManager configured with AuthenticationProvider bean with name authenticationProvider
2025-08-17 12:53:39.361 [           main] WARN  r$InitializeUserDetailsManagerConfigurer [traceId:] [user:N/A, roles:N/A] : Global AuthenticationManager configured with an AuthenticationProvider bean. UserDetailsService beans will not be used by Spring Security for automatically configuring username/password login. Consider removing the AuthenticationProvider bean. Alternatively, consider using the UserDetailsService in a manually instantiated DaoAuthenticationProvider. If the current configuration is intentional, to turn off this warning, increase the logging level of 'org.springframework.security.config.annotation.authentication.configuration.InitializeUserDetailsBeanManagerConfigurer' to ERROR
2025-08-17 12:53:39.641 [           main] INFO  o.s.b.a.e.web.EndpointLinksResolver      [traceId:] [user:N/A, roles:N/A] : Exposing 1 endpoint beneath base path '/actuator'
2025-08-17 12:53:39.716 [           main] WARN  thorizationManagerRequestMatcherRegistry [traceId:] [user:N/A, roles:N/A] : One of the patterns in [Allow] is missing a leading slash. This is discouraged; please include the leading slash in all your request matcher patterns. In future versions of Spring Security, leaving out the leading slash will result in an exception.
2025-08-17 12:53:39.987 [           main] INFO  o.s.b.w.embedded.tomcat.TomcatWebServer  [traceId:] [user:N/A, roles:N/A] : Tomcat started on port 8080 (http) with context path '/'
2025-08-17 12:53:39.998 [           main] INFO  c.example.E_Library.ELibraryApplication  [traceId:] [user:N/A, roles:N/A] : Started ELibraryApplication in 2.646 seconds (process running for 2.924)
2025-08-17 12:53:40.056 [           main] INFO  c.example.E_Library.ELibraryApplication  [traceId:] [user:N/A, roles:N/A] : ELibrary Application has started successfully. Log file should be generated.
